TN:
SF:/home/sam/validate-this/spec/rules.spec.js
FN:4,(anonymous_2)
FN:5,(anonymous_3)
FN:6,(anonymous_4)
FN:11,(anonymous_5)
FN:12,(anonymous_6)
FN:18,(anonymous_7)
FN:22,(anonymous_8)
FN:23,(anonymous_9)
FN:28,(anonymous_10)
FN:29,(anonymous_11)
FN:35,(anonymous_12)
FN:36,(anonymous_13)
FN:37,(anonymous_14)
FN:42,(anonymous_15)
FN:43,(anonymous_16)
FNF:15
FNH:15
FNDA:1,(anonymous_2)
FNDA:1,(anonymous_3)
FNDA:1,(anonymous_4)
FNDA:1,(anonymous_5)
FNDA:1,(anonymous_6)
FNDA:1,(anonymous_7)
FNDA:1,(anonymous_8)
FNDA:1,(anonymous_9)
FNDA:1,(anonymous_10)
FNDA:1,(anonymous_11)
FNDA:1,(anonymous_12)
FNDA:1,(anonymous_13)
FNDA:1,(anonymous_14)
FNDA:1,(anonymous_15)
FNDA:1,(anonymous_16)
DA:1,1
DA:2,1
DA:4,1
DA:5,1
DA:6,1
DA:7,1
DA:11,1
DA:12,1
DA:13,1
DA:18,1
DA:19,1
DA:20,1
DA:22,1
DA:23,1
DA:24,1
DA:28,1
DA:29,1
DA:30,1
DA:35,1
DA:36,1
DA:37,1
DA:38,1
DA:42,1
DA:43,1
DA:44,1
LF:25
LH:25
BRF:0
BRH:0
end_of_record
TN:
SF:/home/sam/validate-this/spec/validation.spec.js
FN:4,(anonymous_1)
FN:5,(anonymous_2)
FN:6,(anonymous_3)
FN:9,rule
FN:12,(anonymous_5)
FN:18,(anonymous_6)
FN:19,(anonymous_7)
FN:20,(anonymous_8)
FN:27,(anonymous_9)
FN:28,translator
FN:29,(anonymous_11)
FN:33,(anonymous_12)
FN:38,(anonymous_13)
FN:39,(anonymous_14)
FN:40,(anonymous_15)
FN:44,(anonymous_16)
FN:49,(anonymous_17)
FN:50,(anonymous_18)
FN:54,(anonymous_19)
FN:60,(anonymous_20)
FN:61,(anonymous_21)
FN:68,(anonymous_22)
FN:69,(anonymous_23)
FN:70,(anonymous_24)
FN:80,(anonymous_25)
FN:81,(anonymous_26)
FN:88,(anonymous_27)
FN:89,(anonymous_28)
FN:90,(anonymous_29)
FNF:29
FNH:28
FNDA:1,(anonymous_1)
FNDA:1,(anonymous_2)
FNDA:1,(anonymous_3)
FNDA:0,rule
FNDA:1,(anonymous_5)
FNDA:1,(anonymous_6)
FNDA:1,(anonymous_7)
FNDA:1,(anonymous_8)
FNDA:1,(anonymous_9)
FNDA:2,translator
FNDA:1,(anonymous_11)
FNDA:1,(anonymous_12)
FNDA:1,(anonymous_13)
FNDA:1,(anonymous_14)
FNDA:1,(anonymous_15)
FNDA:1,(anonymous_16)
FNDA:1,(anonymous_17)
FNDA:1,(anonymous_18)
FNDA:1,(anonymous_19)
FNDA:1,(anonymous_20)
FNDA:1,(anonymous_21)
FNDA:1,(anonymous_22)
FNDA:1,(anonymous_23)
FNDA:1,(anonymous_24)
FNDA:1,(anonymous_25)
FNDA:1,(anonymous_26)
FNDA:1,(anonymous_27)
FNDA:1,(anonymous_28)
FNDA:1,(anonymous_29)
DA:1,1
DA:2,1
DA:4,1
DA:5,1
DA:6,1
DA:7,1
DA:12,1
DA:13,1
DA:18,1
DA:19,1
DA:20,1
DA:21,1
DA:22,1
DA:23,1
DA:27,1
DA:28,2
DA:29,1
DA:30,1
DA:33,1
DA:34,1
DA:38,1
DA:39,1
DA:40,1
DA:41,1
DA:44,1
DA:45,1
DA:49,1
DA:50,1
DA:51,1
DA:54,1
DA:55,1
DA:60,1
DA:61,1
DA:62,1
DA:68,1
DA:69,1
DA:70,1
DA:71,1
DA:75,1
DA:80,1
DA:81,1
DA:82,1
DA:88,1
DA:89,1
DA:90,1
DA:91,1
DA:95,1
LF:47
LH:47
BRF:0
BRH:0
end_of_record
TN:
SF:/home/sam/validate-this/src/rules.js
FN:1,required
FN:7,matches
FN:8,(anonymous_2)
FN:15,numeric
FNF:4
FNH:4
FNDA:5,required
FNDA:3,matches
FNDA:4,(anonymous_2)
FNDA:2,numeric
DA:2,5
DA:3,4
DA:8,3
DA:9,4
DA:10,2
DA:16,2
DA:17,1
LF:7
LH:7
BRDA:2,0,0,4
BRDA:2,0,1,1
BRDA:9,1,0,2
BRDA:9,1,1,2
BRDA:16,2,0,1
BRDA:16,2,1,1
BRDA:16,3,0,2
BRDA:16,3,1,2
BRF:8
BRH:8
end_of_record
TN:
SF:/home/sam/validate-this/src/validation.js
FN:5,defineValidator
FN:17,validator
FN:17,(anonymous_5)
FN:20,validateFields
FN:21,(anonymous_7)
FN:29,customValidator
FN:30,(anonymous_9)
FN:32,validation
FN:45,validateChild
FN:48,validateChildren
FN:49,(anonymous_13)
FN:51,validate
FNF:12
FNH:12
FNDA:4,defineValidator
FNDA:9,validator
FNDA:3,(anonymous_5)
FNDA:5,validateFields
FNDA:5,(anonymous_7)
FNDA:9,customValidator
FNDA:33,(anonymous_9)
FNDA:5,validation
FNDA:1,validateChild
FNDA:1,validateChildren
FNDA:1,(anonymous_13)
FNDA:9,validate
DA:1,1
DA:3,1
DA:5,8
DA:6,4
DA:9,1
DA:10,1
DA:12,1
DA:17,9
DA:18,9
DA:21,5
DA:22,5
DA:23,5
DA:24,4
DA:30,9
DA:31,33
DA:32,33
DA:33,5
DA:34,5
DA:37,33
DA:44,9
DA:46,1
DA:49,1
DA:51,18
DA:54,9
DA:56,9
LF:25
LH:25
BRDA:17,0,0,1
BRDA:17,0,1,8
BRDA:17,1,0,9
BRDA:17,1,1,1
BRDA:23,2,0,4
BRDA:23,2,1,1
BRDA:24,3,0,4
BRDA:24,3,1,4
BRDA:33,4,0,2
BRDA:33,4,1,3
BRF:10
BRH:10
end_of_record
